<?xml version="1.0" encoding="UTF-8"?>
<testsuite xmlns:xsi="http://www.w3.org/2001/XMLSchema-instance" xsi:noNamespaceSchemaLocation="https://maven.apache.org/surefire/maven-surefire-plugin/xsd/surefire-test-report.xsd" name="StepDefinitions.TestRunnerForHooks" time="8.498" tests="4" errors="4" skipped="0" failures="0">
  <properties>
[...]
</properties>
  <testcase name=" #1" classname="Check login functionality" time="8.486">
    <error message="Unable to establish websocket connection to http://127.0.0.1:59485/devtools/browser/38dfa393-a6e8-44ec-bf04-968191da95a5&#10;Build info: version: &apos;4.0.0&apos;, revision: &apos;3a21814679&apos;&#10;System info: host: &apos;PREM-OPTIMUS&apos;, ip: &apos;192.168.1.102&apos;, os.name: &apos;Windows 10&apos;, os.arch: &apos;x86&apos;, os.version: &apos;10.0&apos;, java.version: &apos;1.8.0_311&apos;&#10;Driver info: driver.version: RemoteWebDriver" type="org.openqa.selenium.remote.http.ConnectionFailedException">org.openqa.selenium.remote.http.ConnectionFailedException: 
Unable to establish websocket connection to http://127.0.0.1:59485/devtools/browser/38dfa393-a6e8-44ec-bf04-968191da95a5
Build info: version: '4.0.0', revision: '3a21814679'
System info: host: 'PREM-OPTIMUS', ip: '192.168.1.102', os.name: 'Windows 10', os.arch: 'x86', os.version: '10.0', java.version: '1.8.0_311'
Driver info: driver.version: RemoteWebDriver
</error>
    <system-out><![CDATA[i am inside the browser setup
 iam inside setup2
iam inside beforeSteps----
user is on login page
i am inside afterSteps
iam inside beforeSteps----
user enters valid username and password
i am inside afterSteps
iam inside beforeSteps----
clicks on login button
i am inside afterSteps
iam inside beforeSteps----
user is navigated to the homepage
i am inside afterSteps
iam inside th tear down2
iam inside th tear down 1
]]></system-out>
    <system-err><![CDATA[SLF4J: Failed to load class "org.slf4j.impl.StaticLoggerBinder".
SLF4J: Defaulting to no-operation (NOP) logger implementation
SLF4J: See http://www.slf4j.org/codes.html#StaticLoggerBinder for further details.
1717040664196	geckodriver	INFO	Listening on 127.0.0.1:58427
1717040666331	mozrunner::runner	INFO	Running command: "C:\\Program Files\\Mozilla Firefox\\firefox.exe" "--marionette" "--remote-debugging-port" "59485" "--remote-allow-hosts" "localhost" "-no-remote" "-profile" "C:\\Users\\Prem\\AppData\\Local\\Temp\\rust_mozprofileP2Aipz"
console.warn: services.settings: Ignoring preference override of remote settings server
console.warn: services.settings: Allow by setting MOZ_REMOTE_SETTINGS_DEVTOOLS=1 in the environment
1717040667036	Marionette	INFO	Marionette enabled
Dynamically enable window occlusion 0
1717040667303	Marionette	INFO	Listening on port 65385
WebDriver BiDi listening on ws://127.0.0.1:59485
Read port: 65385
1717040667400	RemoteAgent	WARN	TLS certificate errors will be ignored for this session
DevTools listening on ws://127.0.0.1:59485/devtools/browser/38dfa393-a6e8-44ec-bf04-968191da95a5
May 30, 2024 9:14:30 AM org.openqa.selenium.remote.ProtocolHandshake createSession
INFO: Detected dialect: W3C
1717040670908	RemoteAgent	INFO	Perform WebSocket upgrade for incoming connection from 127Jav.0.0.1:65406
aScript error: chrome://remote/content/server/WebSocketHandshake.sys.mjs, line 166: Error: The handshake request has incorrect Origin header http://127.0.0.1:59485
May 30, 2024 9:14:30 AM org.openqa.selenium.remote.http.WebSocket$Listener onError
WARNING: Invalid Status code=400 text=Bad Request
java.io.IOException: Invalid Status code=400 text=Bad Request
	at org.asynchttpclient.netty.handler.WebSocketHandler.abort(WebSocketHandler.java:92)
	at org.asynchttpclient.netty.handler.WebSocketHandler.handleRead(WebSocketHandler.java:118)
	at org.asynchttpclient.netty.handler.AsyncHttpClientHandler.channelRead(AsyncHttpClientHandler.java:78)
	at io.netty.channel.AbstractChannelHandlerContext.invokeChannelRead(AbstractChannelHandlerContext.java:379)
	at io.netty.channel.AbstractChannelHandlerContext.invokeChannelRead(AbstractChannelHandlerContext.java:365)
	at io.netty.channel.AbstractChannelHandlerContext.fireChannelRead(AbstractChannelHandlerContext.java:357)
	at io.netty.channel.CombinedChannelDuplexHandler$DelegatingChannelHandlerContext.fireChannelRead(CombinedChannelDuplexHandler.java:436)
	at io.netty.handler.codec.ByteToMessageDecoder.fireChannelRead(ByteToMessageDecoder.java:324)
	at io.netty.handler.codec.ByteToMessageDecoder.fireChannelRead(ByteToMessageDecoder.java:311)
	at io.netty.handler.codec.ByteToMessageDecoder.callDecode(ByteToMessageDecoder.java:432)
	at io.netty.handler.codec.ByteToMessageDecoder.channelRead(ByteToMessageDecoder.java:276)
	at io.netty.channel.CombinedChannelDuplexHandler.channelRead(CombinedChannelDuplexHandler.java:251)
	at io.netty.channel.AbstractChannelHandlerContext.invokeChannelRead(AbstractChannelHandlerContext.java:379)
	at io.netty.channel.AbstractChannelHandlerContext.invokeChannelRead(AbstractChannelHandlerContext.java:365)
	at io.netty.channel.AbstractChannelHandlerContext.fireChannelRead(AbstractChannelHandlerContext.java:357)
	at io.netty.channel.DefaultChannelPipeline$HeadContext.channelRead(DefaultChannelPipeline.java:1410)
	at io.netty.channel.AbstractChannelHandlerContext.invokeChannelRead(AbstractChannelHandlerContext.java:379)
	at io.netty.channel.AbstractChannelHandlerContext.invokeChannelRead(AbstractChannelHandlerContext.java:365)
	at io.netty.channel.DefaultChannelPipeline.fireChannelRead(DefaultChannelPipeline.java:919)
	at io.netty.channel.nio.AbstractNioByteChannel$NioByteUnsafe.read(AbstractNioByteChannel.java:166)
	at io.netty.channel.nio.NioEventLoop.processSelectedKey(NioEventLoop.java:719)
	at io.netty.channel.nio.NioEventLoop.processSelectedKeysOptimized(NioEventLoop.java:655)
	at io.netty.channel.nio.NioEventLoop.processSelectedKeys(NioEventLoop.java:581)
	at io.netty.channel.nio.NioEventLoop.run(NioEventLoop.java:493)
	at io.netty.util.concurrent.SingleThreadEventExecutor$4.run(SingleThreadEventExecutor.java:986)
	at io.netty.util.internal.ThreadExecutorMap$2.run(ThreadExecutorMap.java:74)
	at io.netty.util.concurrent.FastThreadLocalRunnable.run(FastThreadLocalRunnable.java:30)
	at java.lang.Thread.run(Thread.java:748)

1717040670946	RemoteAgent	INFO	Perform WebSocket upgrade for incomiJavaSngcri cpt onneerror:cti con hrome:/f/rromemote/ 127.0.0.1:6conten5407
t/server/WebSocketHandshake.sys.mjs, line 166: Error: The handshake request has incorrect Origin header http://127.0.0.1:59485
May 30, 2024 9:14:30 AM org.openqa.selenium.remote.http.WebSocket$Listener onError
WARNING: Invalid Status code=400 text=Bad Request
java.io.IOException: Invalid Status code=400 text=Bad Request
	at org.asynchttpclient.netty.handler.WebSocketHandler.abort(WebSocketHandler.java:92)
	at org.asynchttpclient.netty.handler.WebSocketHandler.handleRead(WebSocketHandler.java:118)
	at org.asynchttpclient.netty.handler.AsyncHttpClientHandler.channelRead(AsyncHttpClientHandler.java:78)
	at io.netty.channel.AbstractChannelHandlerContext.invokeChannelRead(AbstractChannelHandlerContext.java:379)
	at io.netty.channel.AbstractChannelHandlerContext.invokeChannelRead(AbstractChannelHandlerContext.java:365)
	at io.netty.channel.AbstractChannelHandlerContext.fireChannelRead(AbstractChannelHandlerContext.java:357)
	at io.netty.channel.CombinedChannelDuplexHandler$DelegatingChannelHandlerContext.fireChannelRead(CombinedChannelDuplexHandler.java:436)
	at io.netty.handler.codec.ByteToMessageDecoder.fireChannelRead(ByteToMessageDecoder.java:324)
	at io.netty.handler.codec.ByteToMessageDecoder.fireChannelRead(ByteToMessageDecoder.java:311)
	at io.netty.handler.codec.ByteToMessageDecoder.callDecode(ByteToMessageDecoder.java:432)
	at io.netty.handler.codec.ByteToMessageDecoder.channelRead(ByteToMessageDecoder.java:276)
	at io.netty.channel.CombinedChannelDuplexHandler.channelRead(CombinedChannelDuplexHandler.java:251)
	at io.netty.channel.AbstractChannelHandlerContext.invokeChannelRead(AbstractChannelHandlerContext.java:379)
	at io.netty.channel.AbstractChannelHandlerContext.invokeChannelRead(AbstractChannelHandlerContext.java:365)
	at io.netty.channel.AbstractChannelHandlerContext.fireChannelRead(AbstractChannelHandlerContext.java:357)
	at io.netty.channel.DefaultChannelPipeline$HeadContext.channelRead(DefaultChannelPipeline.java:1410)
	at io.netty.channel.AbstractChannelHandlerContext.invokeChannelRead(AbstractChannelHandlerContext.java:379)
	at io.netty.channel.AbstractChannelHandlerContext.invokeChannelRead(AbstractChannelHandlerContext.java:365)
	at io.netty.channel.DefaultChannelPipeline.fireChannelRead(DefaultChannelPipeline.java:919)
	at io.netty.channel.nio.AbstractNioByteChannel$NioByteUnsafe.read(AbstractNioByteChannel.java:166)
	at io.netty.channel.nio.NioEventLoop.processSelectedKey(NioEventLoop.java:719)
	at io.netty.channel.nio.NioEventLoop.processSelectedKeysOptimized(NioEventLoop.java:655)
	at io.netty.channel.nio.NioEventLoop.processSelectedKeys(NioEventLoop.java:581)
	at io.netty.channel.nio.NioEventLoop.run(NioEventLoop.java:493)
	at io.netty.util.concurrent.SingleThreadEventExecutor$4.run(SingleThreadEventExecutor.java:986)
	at io.netty.util.internal.ThreadExecutorMap$2.run(ThreadExecutorMap.java:74)
	at io.netty.util.concurrent.FastThreadLocalRunnable.run(FastThreadLocalRunnable.java:30)
	at java.lang.Thread.run(Thread.java:748)

]]></system-err>
  </testcase>
  <testcase name=" #1" classname="Check login functionality" time="8.486">
    <error message="Unable to establish websocket connection to http://127.0.0.1:59485/devtools/browser/38dfa393-a6e8-44ec-bf04-968191da95a5&#10;Build info: version: &apos;4.0.0&apos;, revision: &apos;3a21814679&apos;&#10;System info: host: &apos;PREM-OPTIMUS&apos;, ip: &apos;192.168.1.102&apos;, os.name: &apos;Windows 10&apos;, os.arch: &apos;x86&apos;, os.version: &apos;10.0&apos;, java.version: &apos;1.8.0_311&apos;&#10;Driver info: driver.version: RemoteWebDriver" type="org.openqa.selenium.remote.http.ConnectionFailedException">org.openqa.selenium.remote.http.ConnectionFailedException: 
Unable to establish websocket connection to http://127.0.0.1:59485/devtools/browser/38dfa393-a6e8-44ec-bf04-968191da95a5
Build info: version: '4.0.0', revision: '3a21814679'
System info: host: 'PREM-OPTIMUS', ip: '192.168.1.102', os.name: 'Windows 10', os.arch: 'x86', os.version: '10.0', java.version: '1.8.0_311'
Driver info: driver.version: RemoteWebDriver
</error>
  </testcase>
  <testcase name=" #2" classname="Check login functionality" time="0.01">
    <error type="java.lang.NullPointerException">java.lang.NullPointerException
</error>
    <system-out><![CDATA[ iam inside setup2
iam inside beforeSteps----
user is on login page
i am inside afterSteps
iam inside beforeSteps----
user enters valid username and password
i am inside afterSteps
iam inside beforeSteps----
clicks on login button
i am inside afterSteps
iam inside beforeSteps----
user is navigated to the homepage
i am inside afterSteps
iam inside th tear down2
iam inside th tear down 1
]]></system-out>
  </testcase>
  <testcase name=" #2" classname="Check login functionality" time="0.01">
    <error type="java.lang.NullPointerException">java.lang.NullPointerException
</error>
  </testcase>
</testsuite>