<?xml version="1.0" encoding="UTF-8"?>
<!-- Generated by org.testng.reporters.JUnitXMLReporter -->
<testsuite hostname="PREM-OPTIMUS" ignored="0" name="Test" tests="2" failures="2" timestamp="17 Sep 2024 04:42:09 GMT" time="10.863" errors="0">
  <testcase name="TESTPostexternalJsonFILE" time="6.663" classname="day2.WaystoCreatePostRequests">
    <failure type="java.net.ConnectException" message="Connection refused: connect">
      <![CDATA[java.net.ConnectException: Connection refused: connectat java.net.DualStackPlainSocketImpl.connect0(Native Method)at java.net.DualStackPlainSocketImpl.socketConnect(DualStackPlainSocketImpl.java:75)at java.net.AbstractPlainSocketImpl.doConnect(AbstractPlainSocketImpl.java:476)at java.net.AbstractPlainSocketImpl.connectToAddress(AbstractPlainSocketImpl.java:218)at java.net.AbstractPlainSocketImpl.connect(AbstractPlainSocketImpl.java:200)at java.net.PlainSocketImpl.connect(PlainSocketImpl.java:162)at java.net.SocksSocketImpl.connect(SocksSocketImpl.java:394)at java.net.Socket.connect(Socket.java:606)at org.apache.http.conn.scheme.PlainSocketFactory.connectSocket(PlainSocketFactory.java:121)at org.apache.http.impl.conn.DefaultClientConnectionOperator.openConnection(DefaultClientConnectionOperator.java:180)at org.apache.http.impl.conn.ManagedClientConnectionImpl.open(ManagedClientConnectionImpl.java:326)at org.apache.http.impl.client.DefaultRequestDirector.tryConnect(DefaultRequestDirector.java:605)at org.apache.http.impl.client.DefaultRequestDirector.execute(DefaultRequestDirector.java:440)at org.apache.http.impl.client.AbstractHttpClient.doExecute(AbstractHttpClient.java:835)at org.apache.http.impl.client.CloseableHttpClient.execute(CloseableHttpClient.java:83)at io.restassured.internal.RestAssuredHttpBuilder.doRequest(RestAssuredHttpBuilder.java:141)at io.restassured.internal.http.HTTPBuilder.post(HTTPBuilder.java:349)at io.restassured.internal.http.HTTPBuilder$post$2.call(Unknown Source)at org.codehaus.groovy.runtime.callsite.CallSiteArray.defaultCall(CallSiteArray.java:46)at org.codehaus.groovy.runtime.callsite.AbstractCallSite.call(AbstractCallSite.java:125)at org.codehaus.groovy.runtime.callsite.AbstractCallSite.call(AbstractCallSite.java:148)at io.restassured.internal.RequestSpecificationImpl.sendRequest(RequestSpecificationImpl.groovy:1195)at io.restassured.internal.RequestSpecificationImpl.this$2$sendRequest(RequestSpecificationImpl.groovy)at groovy.lang.MetaMethod.doMethodInvoke(MetaMethod.java:328)at groovy.lang.MetaClassImpl.doInvokeMethod(MetaClassImpl.java:1369)at groovy.lang.MetaClassImpl.invokeMethod(MetaClassImpl.java:1103)at groovy.lang.MetaClassImpl.invokeMethod(MetaClassImpl.java:1009)at groovy.lang.MetaClassImpl.invokeMethod(MetaClassImpl.java:792)at io.restassured.internal.RequestSpecificationImpl.invokeMethod(RequestSpecificationImpl.groovy)at org.codehaus.groovy.runtime.callsite.PogoInterceptableSite.call(PogoInterceptableSite.java:46)at org.codehaus.groovy.runtime.callsite.CallSiteArray.defaultCall(CallSiteArray.java:46)at org.codehaus.groovy.runtime.callsite.AbstractCallSite.call(AbstractCallSite.java:125)at org.codehaus.groovy.runtime.callsite.AbstractCallSite.call(AbstractCallSite.java:166)at io.restassured.internal.filter.SendRequestFilter.filter(SendRequestFilter.groovy:30)at io.restassured.filter.Filter$filter$0.call(Unknown Source)at org.codehaus.groovy.runtime.callsite.CallSiteArray.defaultCall(CallSiteArray.java:46)at io.restassured.filter.Filter$filter.call(Unknown Source)at io.restassured.internal.filter.FilterContextImpl.next(FilterContextImpl.groovy:72)at io.restassured.filter.time.TimingFilter.filter(TimingFilter.java:56)at io.restassured.filter.Filter$filter.call(Unknown Source)at org.codehaus.groovy.runtime.callsite.CallSiteArray.defaultCall(CallSiteArray.java:46)at org.codehaus.groovy.runtime.callsite.AbstractCallSite.call(AbstractCallSite.java:125)at org.codehaus.groovy.runtime.callsite.AbstractCallSite.call(AbstractCallSite.java:157)at io.restassured.internal.filter.FilterContextImpl.next(FilterContextImpl.groovy:72)at io.restassured.filter.FilterContext$next.call(Unknown Source)at org.codehaus.groovy.runtime.callsite.CallSiteArray.defaultCall(CallSiteArray.java:46)at org.codehaus.groovy.runtime.callsite.AbstractCallSite.call(AbstractCallSite.java:125)at org.codehaus.groovy.runtime.callsite.AbstractCallSite.call(AbstractCallSite.java:148)at io.restassured.internal.RequestSpecificationImpl.applyPathParamsAndSendRequest(RequestSpecificationImpl.groovy:1686)at io.restassured.internal.RequestSpecificationImpl.this$2$applyPathParamsAndSendRequest(RequestSpecificationImpl.groovy)at groovy.lang.MetaMethod.doMethodInvoke(MetaMethod.java:328)at groovy.lang.MetaClassImpl.doInvokeMethod(MetaClassImpl.java:1369)at groovy.lang.MetaClassImpl.invokeMethod(MetaClassImpl.java:1103)at groovy.lang.MetaClassImpl.invokeMethod(MetaClassImpl.java:1009)at groovy.lang.MetaClassImpl.invokeMethod(MetaClassImpl.java:792)at io.restassured.internal.RequestSpecificationImpl.invokeMethod(RequestSpecificationImpl.groovy)at org.codehaus.groovy.runtime.callsite.PogoInterceptableSite.call(PogoInterceptableSite.java:46)at org.codehaus.groovy.runtime.callsite.PogoInterceptableSite.callCurrent(PogoInterceptableSite.java:57)at org.codehaus.groovy.runtime.callsite.CallSiteArray.defaultCallCurrent(CallSiteArray.java:50)at org.codehaus.groovy.runtime.callsite.AbstractCallSite.callCurrent(AbstractCallSite.java:171)at org.codehaus.groovy.runtime.callsite.AbstractCallSite.callCurrent(AbstractCallSite.java:203)at io.restassured.internal.RequestSpecificationImpl.applyPathParamsAndSendRequest(RequestSpecificationImpl.groovy:1692)at io.restassured.internal.RequestSpecificationImpl.this$2$applyPathParamsAndSendRequest(RequestSpecificationImpl.groovy)at groovy.lang.MetaMethod.doMethodInvoke(MetaMethod.java:328)at groovy.lang.MetaClassImpl.doInvokeMethod(MetaClassImpl.java:1369)at groovy.lang.MetaClassImpl.invokeMethod(MetaClassImpl.java:1103)at groovy.lang.MetaClassImpl.invokeMethod(MetaClassImpl.java:1009)at groovy.lang.MetaClassImpl.invokeMethod(MetaClassImpl.java:792)at io.restassured.internal.RequestSpecificationImpl.invokeMethod(RequestSpecificationImpl.groovy)at org.codehaus.groovy.runtime.callsite.PogoInterceptableSite.call(PogoInterceptableSite.java:46)at org.codehaus.groovy.runtime.callsite.PogoInterceptableSite.callCurrent(PogoInterceptableSite.java:57)at org.codehaus.groovy.runtime.callsite.CallSiteArray.defaultCallCurrent(CallSiteArray.java:50)at org.codehaus.groovy.runtime.callsite.AbstractCallSite.callCurrent(AbstractCallSite.java:171)at org.codehaus.groovy.runtime.callsite.AbstractCallSite.callCurrent(AbstractCallSite.java:203)at io.restassured.internal.RequestSpecificationImpl.post(RequestSpecificationImpl.groovy:180)at io.restassured.internal.RequestSpecificationImpl.post(RequestSpecificationImpl.groovy)at day2.WaystoCreatePostRequests.TESTPostexternalJsonFILE(WaystoCreatePostRequests.java:171)... Removed 40 stack frames]]>
    </failure>
  </testcase> <!-- TESTPostexternalJsonFILE -->
  <testcase name="testDelete" time="4.132" classname="day2.WaystoCreatePostRequests">
    <failure type="java.net.ConnectException" message="Connection refused: connect">
      <![CDATA[java.net.ConnectException: Connection refused: connectat java.net.DualStackPlainSocketImpl.connect0(Native Method)at java.net.DualStackPlainSocketImpl.socketConnect(DualStackPlainSocketImpl.java:75)at java.net.AbstractPlainSocketImpl.doConnect(AbstractPlainSocketImpl.java:476)at java.net.AbstractPlainSocketImpl.connectToAddress(AbstractPlainSocketImpl.java:218)at java.net.AbstractPlainSocketImpl.connect(AbstractPlainSocketImpl.java:200)at java.net.PlainSocketImpl.connect(PlainSocketImpl.java:162)at java.net.SocksSocketImpl.connect(SocksSocketImpl.java:394)at java.net.Socket.connect(Socket.java:606)at org.apache.http.conn.scheme.PlainSocketFactory.connectSocket(PlainSocketFactory.java:121)at org.apache.http.impl.conn.DefaultClientConnectionOperator.openConnection(DefaultClientConnectionOperator.java:180)at org.apache.http.impl.conn.ManagedClientConnectionImpl.open(ManagedClientConnectionImpl.java:326)at org.apache.http.impl.client.DefaultRequestDirector.tryConnect(DefaultRequestDirector.java:605)at org.apache.http.impl.client.DefaultRequestDirector.execute(DefaultRequestDirector.java:440)at org.apache.http.impl.client.AbstractHttpClient.doExecute(AbstractHttpClient.java:835)at org.apache.http.impl.client.CloseableHttpClient.execute(CloseableHttpClient.java:83)at io.restassured.internal.RestAssuredHttpBuilder.doRequest(RestAssuredHttpBuilder.java:141)at io.restassured.internal.http.HTTPBuilder.doRequest(HTTPBuilder.java:496)at io.restassured.internal.http.HTTPBuilder.request(HTTPBuilder.java:453)at io.restassured.internal.http.HTTPBuilder$request$3.call(Unknown Source)at org.codehaus.groovy.runtime.callsite.CallSiteArray.defaultCall(CallSiteArray.java:46)at org.codehaus.groovy.runtime.callsite.AbstractCallSite.call(AbstractCallSite.java:125)at org.codehaus.groovy.runtime.callsite.AbstractCallSite.call(AbstractCallSite.java:166)at io.restassured.internal.RequestSpecificationImpl.sendHttpRequest(RequestSpecificationImpl.groovy:1466)at io.restassured.internal.RequestSpecificationImpl.this$2$sendHttpRequest(RequestSpecificationImpl.groovy)at groovy.lang.MetaMethod.doMethodInvoke(MetaMethod.java:328)at groovy.lang.MetaClassImpl.doInvokeMethod(MetaClassImpl.java:1369)at groovy.lang.MetaClassImpl.invokeMethod(MetaClassImpl.java:1103)at groovy.lang.MetaClassImpl.invokeMethod(MetaClassImpl.java:1009)at groovy.lang.MetaClassImpl.invokeMethod(MetaClassImpl.java:792)at io.restassured.internal.RequestSpecificationImpl.invokeMethod(RequestSpecificationImpl.groovy)at org.codehaus.groovy.runtime.callsite.PogoInterceptableSite.call(PogoInterceptableSite.java:46)at org.codehaus.groovy.runtime.callsite.PogoInterceptableSite.callCurrent(PogoInterceptableSite.java:57)at org.codehaus.groovy.runtime.callsite.CallSiteArray.defaultCallCurrent(CallSiteArray.java:50)at org.codehaus.groovy.runtime.callsite.AbstractCallSite.callCurrent(AbstractCallSite.java:171)at io.restassured.internal.RequestSpecificationImpl.sendRequest(RequestSpecificationImpl.groovy:1215)at io.restassured.internal.RequestSpecificationImpl.this$2$sendRequest(RequestSpecificationImpl.groovy)at groovy.lang.MetaMethod.doMethodInvoke(MetaMethod.java:328)at groovy.lang.MetaClassImpl.doInvokeMethod(MetaClassImpl.java:1369)at groovy.lang.MetaClassImpl.invokeMethod(MetaClassImpl.java:1103)at groovy.lang.MetaClassImpl.invokeMethod(MetaClassImpl.java:1009)at groovy.lang.MetaClassImpl.invokeMethod(MetaClassImpl.java:792)at io.restassured.internal.RequestSpecificationImpl.invokeMethod(RequestSpecificationImpl.groovy)at org.codehaus.groovy.runtime.callsite.PogoInterceptableSite.call(PogoInterceptableSite.java:46)at org.codehaus.groovy.runtime.callsite.AbstractCallSite.call(AbstractCallSite.java:166)at io.restassured.internal.filter.SendRequestFilter.filter(SendRequestFilter.groovy:30)at io.restassured.filter.Filter$filter$0.call(Unknown Source)at org.codehaus.groovy.runtime.callsite.CallSiteArray.defaultCall(CallSiteArray.java:46)at io.restassured.filter.Filter$filter.call(Unknown Source)at io.restassured.internal.filter.FilterContextImpl.next(FilterContextImpl.groovy:72)at io.restassured.filter.time.TimingFilter.filter(TimingFilter.java:56)at io.restassured.filter.Filter$filter.call(Unknown Source)at org.codehaus.groovy.runtime.callsite.CallSiteArray.defaultCall(CallSiteArray.java:46)at io.restassured.filter.Filter$filter$0.call(Unknown Source)at io.restassured.internal.filter.FilterContextImpl.next(FilterContextImpl.groovy:72)at io.restassured.filter.FilterContext$next.call(Unknown Source)at io.restassured.internal.RequestSpecificationImpl.applyPathParamsAndSendRequest(RequestSpecificationImpl.groovy:1686)at io.restassured.internal.RequestSpecificationImpl.this$2$applyPathParamsAndSendRequest(RequestSpecificationImpl.groovy)at groovy.lang.MetaMethod.doMethodInvoke(MetaMethod.java:328)at groovy.lang.MetaClassImpl.doInvokeMethod(MetaClassImpl.java:1369)at groovy.lang.MetaClassImpl.invokeMethod(MetaClassImpl.java:1103)at groovy.lang.MetaClassImpl.invokeMethod(MetaClassImpl.java:1009)at groovy.lang.MetaClassImpl.invokeMethod(MetaClassImpl.java:792)at io.restassured.internal.RequestSpecificationImpl.invokeMethod(RequestSpecificationImpl.groovy)at org.codehaus.groovy.runtime.callsite.PogoInterceptableSite.call(PogoInterceptableSite.java:46)at org.codehaus.groovy.runtime.callsite.PogoInterceptableSite.callCurrent(PogoInterceptableSite.java:57)at org.codehaus.groovy.runtime.callsite.AbstractCallSite.callCurrent(AbstractCallSite.java:203)at io.restassured.internal.RequestSpecificationImpl.applyPathParamsAndSendRequest(RequestSpecificationImpl.groovy:1692)at io.restassured.internal.RequestSpecificationImpl.this$2$applyPathParamsAndSendRequest(RequestSpecificationImpl.groovy)at groovy.lang.MetaMethod.doMethodInvoke(MetaMethod.java:328)at groovy.lang.MetaClassImpl.doInvokeMethod(MetaClassImpl.java:1369)at groovy.lang.MetaClassImpl.invokeMethod(MetaClassImpl.java:1103)at groovy.lang.MetaClassImpl.invokeMethod(MetaClassImpl.java:1009)at groovy.lang.MetaClassImpl.invokeMethod(MetaClassImpl.java:792)at io.restassured.internal.RequestSpecificationImpl.invokeMethod(RequestSpecificationImpl.groovy)at org.codehaus.groovy.runtime.callsite.PogoInterceptableSite.call(PogoInterceptableSite.java:46)at org.codehaus.groovy.runtime.callsite.PogoInterceptableSite.callCurrent(PogoInterceptableSite.java:57)at org.codehaus.groovy.runtime.callsite.CallSiteArray.defaultCallCurrent(CallSiteArray.java:50)at org.codehaus.groovy.runtime.callsite.AbstractCallSite.callCurrent(AbstractCallSite.java:171)at org.codehaus.groovy.runtime.callsite.AbstractCallSite.callCurrent(AbstractCallSite.java:203)at io.restassured.internal.RequestSpecificationImpl.delete(RequestSpecificationImpl.groovy:188)at io.restassured.internal.RequestSpecificationImpl.delete(RequestSpecificationImpl.groovy)at day2.WaystoCreatePostRequests.testDelete(WaystoCreatePostRequests.java:193)... Removed 45 stack frames]]>
    </failure>
  </testcase> <!-- testDelete -->
</testsuite> <!-- Test -->
